<?xml version="1.0" encoding="UTF-8"?>
<!-- Generated by org.testng.reporters.JUnitXMLReporter -->
<testsuite ignored="0" hostname="rahul" failures="0" tests="8" name="Test" time="105.797" errors="0" timestamp="2023-11-16T23:11:58 IST">
  <testcase classname="SwagLabTest.GoogleSearchTest" name="EnterData" time="12.906"/>
  <testcase classname="SwagLabTest.SwagLabsDataProviderTest" name="Test1" time="0.855"/>
  <testcase classname="SwagLabTest.SwagLabsDataProviderTest" name="Test1" time="0.358"/>
  <testcase classname="SwagLabTest.SwagLabsDataProviderTest" name="Test1" time="0.371"/>
  <testcase classname="SwagLabTest.SwagLabsMuiltipleProductsTest" name="Test" time="19.291"/>
  <testcase classname="SwagLabTest.SwagLabsMuiltipleProductsTest" name="Test" time="5.403"/>
  <testcase classname="SwagLabTest.SwagLabsMuiltipleProductsTest" name="Test" time="5.386"/>
  <testcase classname="SwagLabTest.SwagLabsOpenTest" name="EnterData" time="28.242"/>
</testsuite> <!-- Test -->
