<?xml version="1.0" encoding="UTF-8"?>
<testng-results ignored="0" total="8" passed="8" failed="0" skipped="0">
  <reporter-output>
  </reporter-output>
  <suite started-at="2023-11-16T23:10:12 IST" name="Suite" finished-at="2023-11-16T23:11:58 IST" duration-ms="105797">
    <groups>
    </groups>
    <test started-at="2023-11-16T23:10:12 IST" name="Test" finished-at="2023-11-16T23:11:58 IST" duration-ms="105797">
      <class name="SwagLabTest.SwagLabsMuiltipleProductsTest">
        <test-method is-config="true" signature="Launch()[pri:0, instance:SwagLabTest.SwagLabsMuiltipleProductsTest@194bcebf]" started-at="2023-11-16T23:10:44 IST" name="Launch" finished-at="2023-11-16T23:10:47 IST" duration-ms="3076" status="PASS">
          <reporter-output>
          </reporter-output>
        </test-method> <!-- Launch -->
        <test-method signature="Test(java.lang.String,java.lang.String,java.lang.String)[pri:0, instance:SwagLabTest.SwagLabsMuiltipleProductsTest@194bcebf]" started-at="2023-11-16T23:10:47 IST" name="Test" data-provider="Login" finished-at="2023-11-16T23:11:06 IST" duration-ms="19291" status="PASS">
          <params>
            <param index="0">
              <value>
                <![CDATA[valid]]>
              </value>
            </param>
            <param index="1">
              <value>
                <![CDATA[standard_user]]>
              </value>
            </param>
            <param index="2">
              <value>
                <![CDATA[secret_sauce]]>
              </value>
            </param>
          </params>
          <reporter-output>
          </reporter-output>
        </test-method> <!-- Test -->
        <test-method is-config="true" signature="Close()[pri:0, instance:SwagLabTest.SwagLabsMuiltipleProductsTest@194bcebf]" started-at="2023-11-16T23:11:06 IST" name="Close" finished-at="2023-11-16T23:11:07 IST" duration-ms="927" status="PASS">
          <reporter-output>
          </reporter-output>
        </test-method> <!-- Close -->
        <test-method is-config="true" signature="Launch()[pri:0, instance:SwagLabTest.SwagLabsMuiltipleProductsTest@194bcebf]" started-at="2023-11-16T23:11:07 IST" name="Launch" finished-at="2023-11-16T23:11:10 IST" duration-ms="3011" status="PASS">
          <reporter-output>
          </reporter-output>
        </test-method> <!-- Launch -->
        <test-method signature="Test(java.lang.String,java.lang.String,java.lang.String)[pri:0, instance:SwagLabTest.SwagLabsMuiltipleProductsTest@194bcebf]" started-at="2023-11-16T23:11:10 IST" name="Test" data-provider="Login" finished-at="2023-11-16T23:11:16 IST" duration-ms="5403" status="PASS">
          <params>
            <param index="0">
              <value>
                <![CDATA[Invalidun]]>
              </value>
            </param>
            <param index="1">
              <value>
                <![CDATA[Rahul]]>
              </value>
            </param>
            <param index="2">
              <value>
                <![CDATA[secret_sauce]]>
              </value>
            </param>
          </params>
          <reporter-output>
          </reporter-output>
        </test-method> <!-- Test -->
        <test-method is-config="true" signature="Close()[pri:0, instance:SwagLabTest.SwagLabsMuiltipleProductsTest@194bcebf]" started-at="2023-11-16T23:11:16 IST" name="Close" finished-at="2023-11-16T23:11:17 IST" duration-ms="851" status="PASS">
          <reporter-output>
          </reporter-output>
        </test-method> <!-- Close -->
        <test-method is-config="true" signature="Launch()[pri:0, instance:SwagLabTest.SwagLabsMuiltipleProductsTest@194bcebf]" started-at="2023-11-16T23:11:17 IST" name="Launch" finished-at="2023-11-16T23:11:19 IST" duration-ms="2769" status="PASS">
          <reporter-output>
          </reporter-output>
        </test-method> <!-- Launch -->
        <test-method signature="Test(java.lang.String,java.lang.String,java.lang.String)[pri:0, instance:SwagLabTest.SwagLabsMuiltipleProductsTest@194bcebf]" started-at="2023-11-16T23:11:19 IST" name="Test" data-provider="Login" finished-at="2023-11-16T23:11:25 IST" duration-ms="5386" status="PASS">
          <params>
            <param index="0">
              <value>
                <![CDATA[Invalidpass]]>
              </value>
            </param>
            <param index="1">
              <value>
                <![CDATA[standard_user]]>
              </value>
            </param>
            <param index="2">
              <value>
                <![CDATA[hjgsjd79s8]]>
              </value>
            </param>
          </params>
          <reporter-output>
          </reporter-output>
        </test-method> <!-- Test -->
        <test-method is-config="true" signature="Close()[pri:0, instance:SwagLabTest.SwagLabsMuiltipleProductsTest@194bcebf]" started-at="2023-11-16T23:11:25 IST" name="Close" finished-at="2023-11-16T23:11:26 IST" duration-ms="846" status="PASS">
          <reporter-output>
          </reporter-output>
        </test-method> <!-- Close -->
      </class> <!-- SwagLabTest.SwagLabsMuiltipleProductsTest -->
      <class name="SwagLabTest.SwagLabsDataProviderTest">
        <test-method is-config="true" signature="Launch()[pri:0, instance:SwagLabTest.SwagLabsDataProviderTest@3c7f66c4]" started-at="2023-11-16T23:10:31 IST" name="Launch" finished-at="2023-11-16T23:10:34 IST" duration-ms="3010" status="PASS">
          <reporter-output>
          </reporter-output>
        </test-method> <!-- Launch -->
        <test-method signature="Test1(java.lang.String,java.lang.String,java.lang.String)[pri:0, instance:SwagLabTest.SwagLabsDataProviderTest@3c7f66c4]" started-at="2023-11-16T23:10:34 IST" name="Test1" data-provider="Login" finished-at="2023-11-16T23:10:35 IST" duration-ms="855" status="PASS">
          <params>
            <param index="0">
              <value>
                <![CDATA[valid]]>
              </value>
            </param>
            <param index="1">
              <value>
                <![CDATA[standard_user]]>
              </value>
            </param>
            <param index="2">
              <value>
                <![CDATA[secret_sauce]]>
              </value>
            </param>
          </params>
          <reporter-output>
          </reporter-output>
        </test-method> <!-- Test1 -->
        <test-method is-config="true" signature="closeApp()[pri:0, instance:SwagLabTest.SwagLabsDataProviderTest@3c7f66c4]" started-at="2023-11-16T23:10:35 IST" name="closeApp" finished-at="2023-11-16T23:10:35 IST" duration-ms="898" status="PASS">
          <reporter-output>
          </reporter-output>
        </test-method> <!-- closeApp -->
        <test-method is-config="true" signature="Launch()[pri:0, instance:SwagLabTest.SwagLabsDataProviderTest@3c7f66c4]" started-at="2023-11-16T23:10:35 IST" name="Launch" finished-at="2023-11-16T23:10:38 IST" duration-ms="3005" status="PASS">
          <reporter-output>
          </reporter-output>
        </test-method> <!-- Launch -->
        <test-method signature="Test1(java.lang.String,java.lang.String,java.lang.String)[pri:0, instance:SwagLabTest.SwagLabsDataProviderTest@3c7f66c4]" started-at="2023-11-16T23:10:38 IST" name="Test1" data-provider="Login" finished-at="2023-11-16T23:10:39 IST" duration-ms="358" status="PASS">
          <params>
            <param index="0">
              <value>
                <![CDATA[invalidun]]>
              </value>
            </param>
            <param index="1">
              <value>
                <![CDATA[Akshay]]>
              </value>
            </param>
            <param index="2">
              <value>
                <![CDATA[secret_sauce]]>
              </value>
            </param>
          </params>
          <reporter-output>
          </reporter-output>
        </test-method> <!-- Test1 -->
        <test-method is-config="true" signature="closeApp()[pri:0, instance:SwagLabTest.SwagLabsDataProviderTest@3c7f66c4]" started-at="2023-11-16T23:10:39 IST" name="closeApp" finished-at="2023-11-16T23:10:40 IST" duration-ms="892" status="PASS">
          <reporter-output>
          </reporter-output>
        </test-method> <!-- closeApp -->
        <test-method is-config="true" signature="Launch()[pri:0, instance:SwagLabTest.SwagLabsDataProviderTest@3c7f66c4]" started-at="2023-11-16T23:10:40 IST" name="Launch" finished-at="2023-11-16T23:10:43 IST" duration-ms="3029" status="PASS">
          <reporter-output>
          </reporter-output>
        </test-method> <!-- Launch -->
        <test-method signature="Test1(java.lang.String,java.lang.String,java.lang.String)[pri:0, instance:SwagLabTest.SwagLabsDataProviderTest@3c7f66c4]" started-at="2023-11-16T23:10:43 IST" name="Test1" data-provider="Login" finished-at="2023-11-16T23:10:43 IST" duration-ms="371" status="PASS">
          <params>
            <param index="0">
              <value>
                <![CDATA[invalidpass]]>
              </value>
            </param>
            <param index="1">
              <value>
                <![CDATA[standard_user]]>
              </value>
            </param>
            <param index="2">
              <value>
                <![CDATA[guset99]]>
              </value>
            </param>
          </params>
          <reporter-output>
          </reporter-output>
        </test-method> <!-- Test1 -->
        <test-method is-config="true" signature="closeApp()[pri:0, instance:SwagLabTest.SwagLabsDataProviderTest@3c7f66c4]" started-at="2023-11-16T23:10:43 IST" name="closeApp" finished-at="2023-11-16T23:10:44 IST" duration-ms="876" status="PASS">
          <reporter-output>
          </reporter-output>
        </test-method> <!-- closeApp -->
      </class> <!-- SwagLabTest.SwagLabsDataProviderTest -->
      <class name="SwagLabTest.SwagLabsOpenTest">
        <test-method is-config="true" signature="Launch()[pri:0, instance:SwagLabTest.SwagLabsOpenTest@17497425]" started-at="2023-11-16T23:11:26 IST" name="Launch" finished-at="2023-11-16T23:11:29 IST" duration-ms="2973" status="PASS">
          <reporter-output>
          </reporter-output>
        </test-method> <!-- Launch -->
        <test-method signature="EnterData()[pri:0, instance:SwagLabTest.SwagLabsOpenTest@17497425]" started-at="2023-11-16T23:11:29 IST" name="EnterData" finished-at="2023-11-16T23:11:57 IST" duration-ms="28242" status="PASS">
          <reporter-output>
          </reporter-output>
        </test-method> <!-- EnterData -->
        <test-method is-config="true" signature="close()[pri:0, instance:SwagLabTest.SwagLabsOpenTest@17497425]" started-at="2023-11-16T23:11:57 IST" name="close" finished-at="2023-11-16T23:11:58 IST" duration-ms="969" status="PASS">
          <reporter-output>
          </reporter-output>
        </test-method> <!-- close -->
      </class> <!-- SwagLabTest.SwagLabsOpenTest -->
      <class name="SwagLabTest.GoogleSearchTest">
        <test-method is-config="true" signature="Launch()[pri:0, instance:SwagLabTest.GoogleSearchTest@3232a28a]" started-at="2023-11-16T23:10:12 IST" name="Launch" finished-at="2023-11-16T23:10:18 IST" duration-ms="5808" status="PASS">
          <reporter-output>
          </reporter-output>
        </test-method> <!-- Launch -->
        <test-method signature="EnterData()[pri:0, instance:SwagLabTest.GoogleSearchTest@3232a28a]" started-at="2023-11-16T23:10:18 IST" name="EnterData" finished-at="2023-11-16T23:10:31 IST" duration-ms="12906" status="PASS">
          <reporter-output>
          </reporter-output>
        </test-method> <!-- EnterData -->
      </class> <!-- SwagLabTest.GoogleSearchTest -->
    </test> <!-- Test -->
  </suite> <!-- Suite -->
</testng-results>
